<?xml version="1.0" encoding="UTF-8"?>
<testng-results ignored="6" total="14" passed="7" failed="1" skipped="0">
  <reporter-output>
  </reporter-output>
  <suite started-at="2022-06-06T14:15:47 IST" name="Suite" finished-at="2022-06-06T14:16:51 IST" duration-ms="64740">
    <groups>
    </groups>
    <test started-at="2022-06-06T14:15:47 IST" name="Test-NegativeLogin" finished-at="2022-06-06T14:16:08 IST" duration-ms="21160">
      <class name="TestFunctions.ApplicationLoginNegative">
        <test-method signature="Login_Employee_NegativeValidation()[pri:1, instance:TestFunctions.ApplicationLoginNegative@2e005c4b]" started-at="2022-06-06T14:15:51 IST" name="Login_Employee_NegativeValidation" finished-at="2022-06-06T14:16:06 IST" duration-ms="15016" status="FAIL">
          <exception class="java.lang.AssertionError">
            <message>
              <![CDATA[null]]>
            </message>
            <full-stacktrace>
              <![CDATA[java.lang.AssertionError: null
at org.testng.Assert.fail(Assert.java:99)
at org.testng.Assert.fail(Assert.java:106)
at TestFunctions.ApplicationLoginNegative.Login_Employee_NegativeValidation(ApplicationLoginNegative.java:54)
at java.base/jdk.internal.reflect.NativeMethodAccessorImpl.invoke0(Native Method)
at java.base/jdk.internal.reflect.NativeMethodAccessorImpl.invoke(NativeMethodAccessorImpl.java:62)
at java.base/jdk.internal.reflect.DelegatingMethodAccessorImpl.invoke(DelegatingMethodAccessorImpl.java:43)
at java.base/java.lang.reflect.Method.invoke(Method.java:564)
at org.testng.internal.MethodInvocationHelper.invokeMethod(MethodInvocationHelper.java:133)
at org.testng.internal.TestInvoker.invokeMethod(TestInvoker.java:598)
at org.testng.internal.TestInvoker.invokeTestMethod(TestInvoker.java:173)
at org.testng.internal.MethodRunner.runInSequence(MethodRunner.java:46)
at org.testng.internal.TestInvoker$MethodInvocationAgent.invoke(TestInvoker.java:824)
at org.testng.internal.TestInvoker.invokeTestMethods(TestInvoker.java:146)
at org.testng.internal.TestMethodWorker.invokeTestMethods(TestMethodWorker.java:146)
at org.testng.internal.TestMethodWorker.run(TestMethodWorker.java:128)
at java.base/java.util.ArrayList.forEach(ArrayList.java:1511)
at org.testng.TestRunner.privateRun(TestRunner.java:794)
at org.testng.TestRunner.run(TestRunner.java:596)
at org.testng.SuiteRunner.runTest(SuiteRunner.java:377)
at org.testng.SuiteRunner.runSequentially(SuiteRunner.java:371)
at org.testng.SuiteRunner.privateRun(SuiteRunner.java:332)
at org.testng.SuiteRunner.run(SuiteRunner.java:276)
at org.testng.SuiteRunnerWorker.runSuite(SuiteRunnerWorker.java:53)
at org.testng.SuiteRunnerWorker.run(SuiteRunnerWorker.java:96)
at org.testng.TestNG.runSuitesSequentially(TestNG.java:1212)
at org.testng.TestNG.runSuitesLocally(TestNG.java:1134)
at org.testng.TestNG.runSuites(TestNG.java:1063)
at org.testng.TestNG.run(TestNG.java:1031)
at org.testng.remote.AbstractRemoteTestNG.run(AbstractRemoteTestNG.java:115)
at org.testng.remote.RemoteTestNG.initAndRun(RemoteTestNG.java:251)
at org.testng.remote.RemoteTestNG.main(RemoteTestNG.java:77)
]]>
            </full-stacktrace>
          </exception> <!-- java.lang.AssertionError -->
          <reporter-output>
          </reporter-output>
        </test-method> <!-- Login_Employee_NegativeValidation -->
      </class> <!-- TestFunctions.ApplicationLoginNegative -->
      <class name="TestFunctions.ApplicationLandingPage">
        <test-method signature="verifyLandingPage()[pri:1, instance:TestFunctions.ApplicationLandingPage@47af7f3d]" started-at="2022-06-06T14:15:47 IST" name="verifyLandingPage" finished-at="2022-06-06T14:15:51 IST" duration-ms="4211" status="PASS">
          <reporter-output>
          </reporter-output>
        </test-method> <!-- verifyLandingPage -->
      </class> <!-- TestFunctions.ApplicationLandingPage -->
    </test> <!-- Test-NegativeLogin -->
    <test started-at="2022-06-06T14:16:08 IST" name="Test-SuccessfulLogin_CreateMotorFleet" finished-at="2022-06-06T14:16:51 IST" duration-ms="43515">
      <class name="TestFunctions.SelectPolicy">
        <test-method signature="SelectPolicys()[pri:0, instance:TestFunctions.SelectPolicy@223191a6]" started-at="2022-06-06T14:16:41 IST" name="SelectPolicys" finished-at="2022-06-06T14:16:42 IST" duration-ms="1666" status="PASS">
          <reporter-output>
          </reporter-output>
        </test-method> <!-- SelectPolicys -->
      </class> <!-- TestFunctions.SelectPolicy -->
      <class name="TestFunctions.AdditionalInfo">
        <test-method signature="AdditionalInfo()[pri:0, instance:TestFunctions.AdditionalInfo@49139829]" started-at="2022-06-06T14:16:42 IST" name="AdditionalInfo" finished-at="2022-06-06T14:16:47 IST" duration-ms="5044" status="PASS">
          <reporter-output>
          </reporter-output>
        </test-method> <!-- AdditionalInfo -->
      </class> <!-- TestFunctions.AdditionalInfo -->
      <class name="TestFunctions.Underwriting_MotorFleet_FleetDirect">
        <test-method signature="CreateMotorIndividual()[pri:1, instance:TestFunctions.Underwriting_MotorFleet_FleetDirect@4ec4f3a0]" started-at="2022-06-06T14:16:22 IST" name="CreateMotorIndividual" finished-at="2022-06-06T14:16:41 IST" duration-ms="18105" status="PASS">
          <reporter-output>
          </reporter-output>
        </test-method> <!-- CreateMotorIndividual -->
      </class> <!-- TestFunctions.Underwriting_MotorFleet_FleetDirect -->
      <class name="TestFunctions.ApplicationLandingPage">
        <test-method is-config="true" signature="initDriver()[pri:0, instance:TestFunctions.ApplicationLandingPage@6adbc9d]" started-at="2022-06-06T14:15:40 IST" name="initDriver" finished-at="2022-06-06T14:15:47 IST" duration-ms="6570" status="PASS">
          <reporter-output>
          </reporter-output>
        </test-method> <!-- initDriver -->
        <test-method signature="verifyLandingPage()[pri:1, instance:TestFunctions.ApplicationLandingPage@6adbc9d]" started-at="2022-06-06T14:16:08 IST" name="verifyLandingPage" finished-at="2022-06-06T14:16:12 IST" duration-ms="4251" status="PASS">
          <reporter-output>
          </reporter-output>
        </test-method> <!-- verifyLandingPage -->
      </class> <!-- TestFunctions.ApplicationLandingPage -->
      <class name="TestFunctions.EndPageVerification">
        <test-method signature="EndPageDetails()[pri:0, instance:TestFunctions.EndPageVerification@4efbca5a]" started-at="2022-06-06T14:16:47 IST" name="EndPageDetails" finished-at="2022-06-06T14:16:51 IST" duration-ms="4052" status="PASS">
          <reporter-output>
          </reporter-output>
        </test-method> <!-- EndPageDetails -->
      </class> <!-- TestFunctions.EndPageVerification -->
      <class name="TestFunctions.ApplicationLogin">
        <test-method signature="Login_Employee()[pri:1, instance:TestFunctions.ApplicationLogin@4550bb58]" started-at="2022-06-06T14:16:12 IST" name="Login_Employee" finished-at="2022-06-06T14:16:22 IST" duration-ms="10389" status="PASS">
          <reporter-output>
          </reporter-output>
        </test-method> <!-- Login_Employee -->
      </class> <!-- TestFunctions.ApplicationLogin -->
    </test> <!-- Test-SuccessfulLogin_CreateMotorFleet -->
  </suite> <!-- Suite -->
</testng-results>
